Logger started at: Thursday, April 4, 2013 11:37:30 AM EDT
Component: com.appcelerator.titanium.mobile
Version: 1.0.0.1360971337
[37:30.111] Sent: >21*1365089850110*version<
[37:30.111] Recv: >1365089850110*2*3.0.2.GA<
[37:30.112] Sent: >45*1365089850111*option*stepFiltersEnabled*false<
[37:30.112] Recv: >1365089850111<
[37:30.112] Sent: >36*1365089850112*option*monitorXHR*true<
[37:30.113] Recv: >1365089850112<
[37:30.113] Sent: >45*1365089850113*option*suspendOnFirstLine*false<
[37:30.113] Recv: >1365089850113<
[37:30.113] Sent: >46*1365089850114*option*suspendOnExceptions*false<
[37:30.114] Recv: >1365089850114<
[37:30.114] Sent: >41*1365089850115*option*suspendOnErrors*true<
[37:30.115] Recv: >1365089850115<
[37:30.115] Sent: >43*1365089850116*option*suspendOnKeywords*true<
[37:30.115] Recv: >1365089850116<
[37:30.115] Sent: >45*1365089850117*option*bypassConstructors*false<
[37:30.116] Recv: >1365089850117<
[37:30.116] Sent: >45*1365089850118*option*stepFiltersEnabled*false<
[37:30.116] Recv: >1365089850118<
[37:30.116] Sent: >30*1365089850119*detailFormatters<
[37:30.117] Recv: >1365089850119<
[37:30.117] Sent: >20*1365089850120*enable<
[37:30.117] Recv: >1365089850120<
[37:30.119] Recv: >threads*created*0*kroll$1<
[37:30.120] Recv: >log*out*[DEBUG] Analytics is enabled = YES<
[37:30.120] Recv: >log*out*[DEBUG] Loading: /Users/timhingston/Library/Application Support/iPhone Simulator/6.0/Applications/0A63F301-10CB-44A3-B95A-D41F1047A3B2/NoozTest1.app/app.js, Resource: app_js<
[37:30.121] Recv: >scripts*created*216238784|app:/app.js||1|3<
[37:30.121] Recv: >resumed*0*started<
[37:30.121] Recv: >log*out*[DEBUG] Loading: /Users/timhingston/Library/Application Support/iPhone Simulator/6.0/Applications/0A63F301-10CB-44A3-B95A-D41F1047A3B2/NoozTest1.app/alloy.js, Resource: alloy_js<
[37:30.122] Recv: >scripts*created*216238688|app:/alloy.js||1|87<
[37:30.122] Recv: >log*out*[DEBUG] Loading: /Users/timhingston/Library/Application Support/iPhone Simulator/6.0/Applications/0A63F301-10CB-44A3-B95A-D41F1047A3B2/NoozTest1.app/alloy/underscore.js, Resource: alloy/underscore_js<
[37:30.124] Recv: >scripts*created*216238336|app:/alloy/underscore.js||1|533<
[37:30.133] Recv: >log*out*[DEBUG] Loading: /Users/timhingston/Library/Application Support/iPhone Simulator/6.0/Applications/0A63F301-10CB-44A3-B95A-D41F1047A3B2/NoozTest1.app/alloy/backbone.js, Resource: alloy/backbone_js<
[37:30.135] Recv: >scripts*created*216614464|app:/alloy/backbone.js||1|625<
[37:30.138] Recv: >log*out*[DEBUG] Loading: /Users/timhingston/Library/Application Support/iPhone Simulator/6.0/Applications/0A63F301-10CB-44A3-B95A-D41F1047A3B2/NoozTest1.app/alloy/CFG.js, Resource: alloy/CFG_js<
[37:30.138] Recv: >scripts*created*216613920|app:/alloy/CFG.js||1|3<
[37:30.139] Recv: >log*out*[DEBUG] Loading: /Users/timhingston/Library/Application Support/iPhone Simulator/6.0/Applications/0A63F301-10CB-44A3-B95A-D41F1047A3B2/NoozTest1.app/alloy/controllers/index.js, Resource: alloy/controllers/index_js<
[37:30.139] Recv: >scripts*created*216616320|app:/alloy/controllers/index.js||1|31<
[37:30.140] Recv: >log*out*[DEBUG] Loading: /Users/timhingston/Library/Application Support/iPhone Simulator/6.0/Applications/0A63F301-10CB-44A3-B95A-D41F1047A3B2/NoozTest1.app/alloy/controllers/BaseController.js, Resource: alloy/controllers/BaseController_js<
[37:30.140] Recv: >scripts*created*216616064|app:/alloy/controllers/BaseController.js||1|36<
[37:30.141] Recv: >log*out*[DEBUG] Loading: /Users/timhingston/Library/Application Support/iPhone Simulator/6.0/Applications/0A63F301-10CB-44A3-B95A-D41F1047A3B2/NoozTest1.app/alloy/controllers/articleList.js, Resource: alloy/controllers/articleList_js<
[37:30.142] Recv: >scripts*created*216920960|app:/alloy/controllers/articleList.js||1|64<
[37:30.143] Recv: >log*out*[DEBUG] Loading: /Users/timhingston/Library/Application Support/iPhone Simulator/6.0/Applications/0A63F301-10CB-44A3-B95A-D41F1047A3B2/NoozTest1.app/alloy/models/Article.js, Resource: alloy/models/Article_js<
[37:30.143] Recv: >scripts*created*216920480|app:/alloy/models/Article.js||1|40<
[37:30.143] Recv: >log*out*[DEBUG] Loading: /Users/timhingston/Library/Application Support/iPhone Simulator/6.0/Applications/0A63F301-10CB-44A3-B95A-D41F1047A3B2/NoozTest1.app/alloy/sync/sql.js, Resource: alloy/sync/sql_js<
[37:30.145] Recv: >scripts*created*216920192|app:/alloy/sync/sql.js||1|282<
[37:30.145] Recv: >log*out*[DEBUG] Loading: /Users/timhingston/Library/Application Support/iPhone Simulator/6.0/Applications/0A63F301-10CB-44A3-B95A-D41F1047A3B2/NoozTest1.app/alloy/sync/util.js, Resource: alloy/sync/util_js<
[37:30.145] Recv: >scripts*created*216921984|app:/alloy/sync/util.js||1|7<
[37:30.146] Recv: >log*out*[INFO] No config.adapter.idAttribute specified for table "articles"<
[37:30.146] Recv: >log*out*[INFO] Adding "alloy_id" to uniquely identify rows<
[37:30.150] Recv: >log*out*[DEBUG] Loading: /Users/timhingston/Library/Application Support/iPhone Simulator/6.0/Applications/0A63F301-10CB-44A3-B95A-D41F1047A3B2/NoozTest1.app/alloy/controllers/customNav.js, Resource: alloy/controllers/customNav_js<
[37:30.151] Recv: >scripts*created*216920512|app:/alloy/controllers/customNav.js||1|158<
[37:30.155] Recv: >log*out*[DEBUG] Loading: /Users/timhingston/Library/Application Support/iPhone Simulator/6.0/Applications/0A63F301-10CB-44A3-B95A-D41F1047A3B2/NoozTest1.app/navControl.js, Resource: navControl_js<
[37:30.155] Recv: >scripts*created*216922368|app:/navControl.js||1|18<
[37:30.156] Recv: >log*out*[DEBUG] Loading: /Users/timhingston/Library/Application Support/iPhone Simulator/6.0/Applications/0A63F301-10CB-44A3-B95A-D41F1047A3B2/NoozTest1.app/rssFeed.js, Resource: rssFeed_js<
[37:30.157] Recv: >scripts*created*216924064|app:/rssFeed.js||1|70<
[37:30.273] Recv: >log*out*[DEBUG] Application booted in 178.817987 ms<
[37:30.280] Recv: >log*out*[INFO] /dnews-square.png<
[37:30.282] Recv: >log*out*[DEBUG] Loading: /Users/timhingston/Library/Application Support/iPhone Simulator/6.0/Applications/0A63F301-10CB-44A3-B95A-D41F1047A3B2/NoozTest1.app/alloy/controllers/articleRow.js, Resource: alloy/controllers/articleRow_js<
[37:30.282] Recv: >scripts*created*217223552|app:/alloy/controllers/articleRow.js||1|103<
[37:30.285] Recv: >log*out*[INFO] /dnews-square.png<
[37:30.291] Recv: >log*out*[INFO] /dnews-square.png<
[37:30.298] Recv: >log*out*[INFO] http://static.ddmcdn.com/gif/blogs/dnews-files-2013-04-dnews-files-2013-04-greenland-station-SMALL.jpg<
[37:30.310] Recv: >log*out*[INFO] http://static.ddmcdn.com/gif/blogs/dnews-files-2013-04-arkansas-oil-spill-200.jpg<
[37:30.320] Recv: >log*out*[INFO] /dnews-square.png<
[37:30.335] Recv: >log*out*[INFO] http://static.ddmcdn.com/gif/blogs/dnews-files-2013-04-RossSeaThumb.jpg<
[37:30.348] Recv: >log*out*[INFO] http://static.ddmcdn.com/gif/blogs/dnews-files-2013-04-terraforming-mars-200x200-130404.jpg<
[37:30.362] Recv: >log*out*[INFO] /dnews-square.png<
[37:30.382] Recv: >log*out*[INFO] http://static.ddmcdn.com/gif/blogs/dnews-files-2013-04-msl-parachute-animation-130.gif<
[37:30.404] Recv: >log*out*[INFO] http://static.ddmcdn.com/gif/blogs/dnews-files-2013-04-panther-200x200.jpg<
[37:30.425] Recv: >log*out*[INFO] /dnews-square.png<
[37:30.446] Recv: >log*out*[INFO] http://static.ddmcdn.com/gif/blogs/dnews-files-2013-04-ams-data-dark-matter-200x200-130403.jpg<
[37:30.468] Recv: >log*out*[INFO] /dnews-square.png<
[37:30.492] Recv: >log*out*[INFO] /dnews-square.png<
[37:30.516] Recv: >log*out*[INFO] http://static.ddmcdn.com/gif/blogs/dnews-files-2013-04-us-worlds-largest-exporter-sperm-250x250.jpg<
[37:30.543] Recv: >log*out*[INFO] /dnews-square.png<
[37:30.571] Recv: >log*out*[INFO] http://static.ddmcdn.com/gif/blogs/dnews-files-2013-04-magnet-melts-metal-small.jpg<
[37:30.601] Recv: >log*out*[INFO] http://static.ddmcdn.com/gif/blogs/dnews-files-2013-04-overweight-crosswalk-200x20.jpg<
[37:30.633] Recv: >log*out*[INFO] /dnews-square.png<
[37:51.962] Recv: >log*out*[DEBUG] Loading: /Users/timhingston/Library/Application Support/iPhone Simulator/6.0/Applications/0A63F301-10CB-44A3-B95A-D41F1047A3B2/NoozTest1.app/alloy/controllers/articleView.js, Resource: alloy/controllers/articleView_js<
[37:51.963] Recv: >scripts*created*217225344|app:/alloy/controllers/articleView.js||1|31<
[37:51.984] Recv: >log*out*[DEBUG] New scheme: <NSMutableURLRequest http://feedproxy.google.com/~r/DiscoveryNews-Top-Stories/~3/zNWzsgn6N8A/arctic-tundra-turning-green-130404.htm><
[37:52.70] Recv: >log*out*[DEBUG] New scheme: <NSMutableURLRequest http://news.discovery.com/earth/global-warming/arctic-tundra-turning-green-130404.htm#0mkcpgn=rssnws1><
[37:52.310] Recv: >log*out*[DEBUG] New scheme: <NSMutableURLRequest http://static.ak.facebook.com/connect/xd_arbiter.php?version=21#0channel=f64604a6c&origin=http%3A%2F%2Fnews.discovery.com&channel_path=%2Fearth%2Fglobal-warming%2Farctic-tundra-turning-green-130404.htm%3Ffb_xd_fragment%23xd_sig%3Df12d434ee4%26><
[37:52.310] Recv: >log*out*[DEBUG] New scheme: <NSMutableURLRequest https://s-static.ak.facebook.com/connect/xd_arbiter.php?version=21#0channel=f64604a6c&origin=http%3A%2F%2Fnews.discovery.com&channel_path=%2Fearth%2Fglobal-warming%2Farctic-tundra-turning-green-130404.htm%3Ffb_xd_fragment%23xd_sig%3Df12d434ee4%26><
[37:52.333] Recv: >log*out*[DEBUG] New scheme: <NSMutableURLRequest https://plusone.google.com/_/+1/fastbutton?bsv&size=medium&hl=en-US&origin=http%3A%2F%2Fnews.discovery.com&url=http%3A%2F%2Fnews.discovery.com%2Fearth%2Fglobal-warming%2Farctic-tundra-turning-green-130404.htm&ic=1&jsh=m%3B%2F_%2Fscs%2Fapps-static%2F_%2Fjs%2Fk%3Doz.gapi.en_US.9U2rqEh6HJU.O%2Fm%3D__features__%2Fam%3DQQ%2Frt%3Dj%2Fd%3D1%2Frs%3DAItRSTNcPtEKWaoyzjHiYR9p1zamnh_5Ig#0_methods=onPlusOne%2C_ready%2C_close%2C_open%2C_resizeMe%2C_renderstart%2Concircled%2Conload&id=I0_1365089872331&parent=http%3A%2F%2Fnews.discovery.com&rpctoken=31779195><
[37:52.871] Recv: >log*out*[DEBUG] New scheme: <NSMutableURLRequest http://news.discovery.com/static/advertisement-iframe.html?ad=TopLeft&uri=http%3A%2F%2Foascentral.discovery.com%2FRealMedia%2Fads%2Fadstream_jx.ads%2Fnews.discovery.com%2Fearth%2Fglobal-warming%2Farticle%2Farctic-tundra-turning-green-130404.htm%2F1862138600%40TopLeft%2CTop3%2Cx20%2Cx12%2Cx17%2Cx75!TopLeft%3Frotation%3D3%26rsi%3Dnot%26qc%3Dnot%26env%3D><
[37:52.872] Recv: >log*out*[DEBUG] New scheme: <NSMutableURLRequest http://news.discovery.com/static/advertisement-iframe.html?ad=x17&uri=http%3A%2F%2Foascentral.discovery.com%2FRealMedia%2Fads%2Fadstream_jx.ads%2Fnews.discovery.com%2Fearth%2Fglobal-warming%2Farticle%2Farctic-tundra-turning-green-130404.htm%2F1862138600%40TopLeft%2CTop3%2Cx20%2Cx12%2Cx17%2Cx75!x17%3Frotation%3D3%26rsi%3Dnot%26qc%3Dnot%26env%3D><
[37:52.873] Recv: >log*out*[DEBUG] New scheme: <NSMutableURLRequest http://news.discovery.com/static/advertisement-iframe.html?ad=x20&uri=http%3A%2F%2Foascentral.discovery.com%2FRealMedia%2Fads%2Fadstream_jx.ads%2Fnews.discovery.com%2Fearth%2Fglobal-warming%2Farticle%2Farctic-tundra-turning-green-130404.htm%2F1862138600%40TopLeft%2CTop3%2Cx20%2Cx12%2Cx17%2Cx75!x20%3Frotation%3D3%26rsi%3Dnot%26qc%3Dnot%26env%3D><
[37:52.874] Recv: >log*out*[DEBUG] New scheme: <NSMutableURLRequest http://news.discovery.com/static/advertisement-iframe.html?ad=Top3&uri=http%3A%2F%2Foascentral.discovery.com%2FRealMedia%2Fads%2Fadstream_jx.ads%2Fnews.discovery.com%2Fearth%2Fglobal-warming%2Farticle%2Farctic-tundra-turning-green-130404.htm%2F1862138600%40TopLeft%2CTop3%2Cx20%2Cx12%2Cx17%2Cx75!Top3%3Frotation%3D3%26rsi%3Dnot%26qc%3Dnot%26env%3D><
[37:52.927] Recv: >log*out*[DEBUG] New scheme: <NSMutableURLRequest http://platform.twitter.com/widgets/tweet_button.1363148939.html#0_=1365089872923&count=horizontal&id=twitter-widget-0&lang=en&original_referer=http%3A%2F%2Fnews.discovery.com%2Fearth%2Fglobal-warming%2Farctic-tundra-turning-green-130404.htm%23mkcpgn%3Drssnws1&size=m&text=Arctic%20Going%20Green%20from%20Warming%20%3A%20Discovery%20News&url=http%3A%2F%2Fnews.discovery.com%2Fearth%2Fglobal-warming%2Farctic-tundra-turning-green-130404.htm><
[37:52.930] Recv: >log*out*[DEBUG] New scheme: <NSMutableURLRequest http://platform.twitter.com/widgets/follow_button.1363148939.html#0_=1365089872928&id=twitter-widget-1&lang=en&screen_name=dnews&show_count=false&show_screen_name=false&size=m><
[37:52.960] Recv: >log*out*[DEBUG] New scheme: <NSMutableURLRequest http://tags.bluekai.com/site/13305?ret=html&phint=metatype%3Darticle&phint=metatitle%3DArctic%20Going%20Green%20from%20Warming%20%3A%20DNews&phint=metasite%3DDNews&phint=__bk_t%3DArctic%20Going%20Green%20from%20Warming%20%3A%20Discovery%20News&phint=__bk_k%3DArctic%2C%20tundra%2C%20global%20warming%20&phint=__bk_l%3Dhttp%3A%2F%2Fnews.discovery.com%2Fearth%2Fglobal-warming%2Farctic-tundra-turning-green-130404.htm%23mkcpgn%3Drssnws1&limit=4&bkfpd=TF1;015;;;;;;;;;;;;;;;;;;;;;;Mozilla;Netscape;5.0%20%28iPhone%3B%20CPU%20iPhone%20OS%206_0%20like%20Mac%20OS%20X%29%20AppleWebKit/536.26%20%28KHTML%2C%20like%20Gecko%29%20Mobile/10A403;20030107;undefined;true;;true;iPhone%20Simulator;undefined;Mozilla/5.0%20%28iPhone%3B%20CPU%20iPhone%20OS%206_0%20like%20Mac%20OS%20X%29%20AppleWebKit/536.26%20%28KHTML%2C%20like%20Gecko%29%20Mobile/10A403;en-us;ISO-8859-1;news.discovery.com;undefined;undefined;undefined;undefined;true;true;1365089872890;-5;June%207%2C%202005%2C%209%3A33%3...1030<
[37:52.962] Recv: >log*out*[DEBUG] New scheme: <NSMutableURLRequest http://www.facebook.com/plugins/like.php?api_key=&locale=en_US&sdk=joey&channel_url=http%3A%2F%2Fstatic.ak.facebook.com%2Fconnect%2Fxd_arbiter.php%3Fversion%3D21%23cb%3Df234ef7ee%26origin%3Dhttp%253A%252F%252Fnews.discovery.com%252Ff64604a6c%26domain%3Dnews.discovery.com%26relation%3Dparent.parent&href=http%3A%2F%2Fnews.discovery.com&node_type=link&width=90&font=trebuchet%20ms&layout=button_count&colorscheme=light&show_faces=false&send=false&extended_social_context=false><
[37:52.962] Recv: >log*out*[DEBUG] New scheme: <NSMutableURLRequest http://www.facebook.com/plugins/like.php?api_key=&locale=en_US&sdk=joey&channel_url=http%3A%2F%2Fstatic.ak.facebook.com%2Fconnect%2Fxd_arbiter.php%3Fversion%3D21%23cb%3Df2ef3346c4%26origin%3Dhttp%253A%252F%252Fnews.discovery.com%252Ff64604a6c%26domain%3Dnews.discovery.com%26relation%3Dparent.parent&href=http%3A%2F%2Fnews.discovery.com%2Fearth%2Fglobal-warming%2Farctic-tundra-turning-green-130404.htm&node_type=link&width=56&layout=box_count&colorscheme=light&show_faces=false&send=false&extended_social_context=false><
[37:53.411] Recv: >log*out*[DEBUG] New scheme: <NSMutableURLRequest http://badge.stumbleupon.com/badge/embed/3/?url=http%3A%2F%2Fnews.discovery.com%2Fearth%2Fglobal-warming%2Farctic-tundra-turning-green-130404.htm%23mkcpgn%3Drssnws1><
[37:56.974] Recv: >log*out*[DEBUG] New scheme: <NSMutableURLRequest http://feedproxy.google.com/~r/DiscoveryNews-Top-Stories/~3/ulSfByzLx30/alien-black-cat-reported-in-england-130403.htm><
[37:57.47] Recv: >log*out*[DEBUG] New scheme: <NSMutableURLRequest http://news.discovery.com/animals/zoo-animals/alien-black-cat-reported-in-england-130403.htm#0mkcpgn=rssnws1><
[37:57.190] Recv: >log*out*[DEBUG] New scheme: <NSMutableURLRequest https://plusone.google.com/_/+1/fastbutton?bsv&size=medium&hl=en-US&origin=http%3A%2F%2Fnews.discovery.com&url=http%3A%2F%2Fnews.discovery.com%2Fanimals%2Fzoo-animals%2Falien-black-cat-reported-in-england-130403.htm&ic=1&jsh=m%3B%2F_%2Fscs%2Fapps-static%2F_%2Fjs%2Fk%3Doz.gapi.en_US.9U2rqEh6HJU.O%2Fm%3D__features__%2Fam%3DQQ%2Frt%3Dj%2Fd%3D1%2Frs%3DAItRSTNcPtEKWaoyzjHiYR9p1zamnh_5Ig#0_methods=onPlusOne%2C_ready%2C_close%2C_open%2C_resizeMe%2C_renderstart%2Concircled%2Conload&id=I0_1365089877189&parent=http%3A%2F%2Fnews.discovery.com&rpctoken=39460916><
[37:57.215] Recv: >log*out*[DEBUG] New scheme: <NSMutableURLRequest http://static.ak.facebook.com/connect/xd_arbiter.php?version=21#0channel=f3dd8e820&origin=http%3A%2F%2Fnews.discovery.com&channel_path=%2Fanimals%2Fzoo-animals%2Falien-black-cat-reported-in-england-130403.htm%3Ffb_xd_fragment%23xd_sig%3Df29253aa5%26><
[37:57.217] Recv: >log*out*[DEBUG] New scheme: <NSMutableURLRequest https://s-static.ak.facebook.com/connect/xd_arbiter.php?version=21#0channel=f3dd8e820&origin=http%3A%2F%2Fnews.discovery.com&channel_path=%2Fanimals%2Fzoo-animals%2Falien-black-cat-reported-in-england-130403.htm%3Ffb_xd_fragment%23xd_sig%3Df29253aa5%26><
[37:57.605] Recv: >log*out*[DEBUG] New scheme: <NSMutableURLRequest http://news.discovery.com/static/advertisement-iframe.html?ad=TopLeft&uri=http%3A%2F%2Foascentral.discovery.com%2FRealMedia%2Fads%2Fadstream_jx.ads%2Fnews.discovery.com%2Fanimals%2Fzoo-animals%2Fblogpost%2Falien-black-cat-reported-in-england-130403.htm%2F1152743500%40TopLeft%2CTop3%2Cx20%2Cx12%2Cx17%2Cx75!TopLeft%3Frotation%3D1%26rsi%3DJ08778_10087%26rsi%3DJ08778_10120%26rsi%3DJ08778_10122%26rsi%3DJ08778_10127%26rsi%3DJ08778_10136%26rsi%3DJ08778_10143%26rsi%3DJ08778_10169%26rsi%3DJ08778_10178%26rsi%3DJ08778_10244%26rsi%3DJ08778_10265%26rsi%3DJ08778_0%26qc%3Dnot%26env%3D><
[37:57.606] Recv: >log*out*[DEBUG] New scheme: <NSMutableURLRequest http://news.discovery.com/static/advertisement-iframe.html?ad=x17&uri=http%3A%2F%2Foascentral.discovery.com%2FRealMedia%2Fads%2Fadstream_jx.ads%2Fnews.discovery.com%2Fanimals%2Fzoo-animals%2Fblogpost%2Falien-black-cat-reported-in-england-130403.htm%2F1152743500%40TopLeft%2CTop3%2Cx20%2Cx12%2Cx17%2Cx75!x17%3Frotation%3D1%26rsi%3DJ08778_10087%26rsi%3DJ08778_10120%26rsi%3DJ08778_10122%26rsi%3DJ08778_10127%26rsi%3DJ08778_10136%26rsi%3DJ08778_10143%26rsi%3DJ08778_10169%26rsi%3DJ08778_10178%26rsi%3DJ08778_10244%26rsi%3DJ08778_10265%26rsi%3DJ08778_0%26qc%3Dnot%26env%3D><
[37:57.607] Recv: >log*out*[DEBUG] New scheme: <NSMutableURLRequest http://news.discovery.com/static/advertisement-iframe.html?ad=x20&uri=http%3A%2F%2Foascentral.discovery.com%2FRealMedia%2Fads%2Fadstream_jx.ads%2Fnews.discovery.com%2Fanimals%2Fzoo-animals%2Fblogpost%2Falien-black-cat-reported-in-england-130403.htm%2F1152743500%40TopLeft%2CTop3%2Cx20%2Cx12%2Cx17%2Cx75!x20%3Frotation%3D1%26rsi%3DJ08778_10087%26rsi%3DJ08778_10120%26rsi%3DJ08778_10122%26rsi%3DJ08778_10127%26rsi%3DJ08778_10136%26rsi%3DJ08778_10143%26rsi%3DJ08778_10169%26rsi%3DJ08778_10178%26rsi%3DJ08778_10244%26rsi%3DJ08778_10265%26rsi%3DJ08778_0%26qc%3Dnot%26env%3D><
[37:57.608] Recv: >log*out*[DEBUG] New scheme: <NSMutableURLRequest http://news.discovery.com/static/advertisement-iframe.html?ad=Top3&uri=http%3A%2F%2Foascentral.discovery.com%2FRealMedia%2Fads%2Fadstream_jx.ads%2Fnews.discovery.com%2Fanimals%2Fzoo-animals%2Fblogpost%2Falien-black-cat-reported-in-england-130403.htm%2F1152743500%40TopLeft%2CTop3%2Cx20%2Cx12%2Cx17%2Cx75!Top3%3Frotation%3D1%26rsi%3DJ08778_10087%26rsi%3DJ08778_10120%26rsi%3DJ08778_10122%26rsi%3DJ08778_10127%26rsi%3DJ08778_10136%26rsi%3DJ08778_10143%26rsi%3DJ08778_10169%26rsi%3DJ08778_10178%26rsi%3DJ08778_10244%26rsi%3DJ08778_10265%26rsi%3DJ08778_0%26qc%3Dnot%26env%3D><
[37:57.670] Recv: >log*out*[DEBUG] New scheme: <NSMutableURLRequest http://platform.twitter.com/widgets/tweet_button.1363148939.html#0_=1365089877668&count=horizontal&id=twitter-widget-0&lang=en&original_referer=http%3A%2F%2Fnews.discovery.com%2Fanimals%2Fzoo-animals%2Falien-black-cat-reported-in-england-130403.htm%23mkcpgn%3Drssnws1&size=m&text='Alien%20Black%20Cat'%20Reported%20in%20England%20%3A%20Discovery%20News&url=http%3A%2F%2Fnews.discovery.com%2Fanimals%2Fzoo-animals%2Falien-black-cat-reported-in-england-130403.htm><
[37:57.672] Recv: >log*out*[DEBUG] New scheme: <NSMutableURLRequest http://platform.twitter.com/widgets/follow_button.1363148939.html#0_=1365089877671&id=twitter-widget-1&lang=en&screen_name=dnews&show_count=false&show_screen_name=false&size=m><
[37:57.675] Recv: >log*out*[DEBUG] New scheme: <NSMutableURLRequest http://tags.bluekai.com/site/13305?ret=html&phint=metatype%3DDnews%3Ablog-post&phint=metatitle%3D'Alien%20Black%20Cat'%20Reported%20in%20England%20%3A%20DNews&phint=metasite%3DDNews&phint=__bk_t%3D'Alien%20Black%20Cat'%20Reported%20in%20England%20%3A%20Discovery%20News&phint=__bk_k%3DAnimals%2C%20Cats%2C%20cryptozoology%2C%20mysteries%2C%20Myths%20and%20Legends%2C%20weird%2C%20Weird%20News%20Animals%20Cats%20cryptozoology%20mysteries%20Myths%20and%20Legends%20weird%20Weird%20News%20&phint=__bk_l%3Dhttp%3A%2F%2Fnews.discovery.com%2Fanimals%2Fzoo-animals%2Falien-black-cat-reported-in-england-130403.htm%23mkcpgn%3Drssnws1&limit=4&bkfpd=TF1;015;;;;;;;;;;;;;;;;;;;;;;Mozilla;Netscape;5.0%20%28iPhone%3B%20CPU%20iPhone%20OS%206_0%20like%20Mac%20OS%20X%29%20AppleWebKit/536.26%20%28KHTML%2C%20like%20Gecko%29%20Mobile/10A403;20030107;undefined;true;;true;iPhone%20Simulator;undefined;Mozilla/5.0%20%28iPhone%3B%20CPU%20iPhone%20OS%206_0%20like%20Mac%20OS%20X%29%20AppleWebKi...1196<
[37:57.677] Recv: >log*out*[DEBUG] New scheme: <NSMutableURLRequest http://www.facebook.com/plugins/like.php?api_key=&locale=en_US&sdk=joey&channel_url=http%3A%2F%2Fstatic.ak.facebook.com%2Fconnect%2Fxd_arbiter.php%3Fversion%3D21%23cb%3Df3a2c9c3c4%26origin%3Dhttp%253A%252F%252Fnews.discovery.com%252Ff3dd8e820%26domain%3Dnews.discovery.com%26relation%3Dparent.parent&href=http%3A%2F%2Fnews.discovery.com&node_type=link&width=90&font=trebuchet%20ms&layout=button_count&colorscheme=light&show_faces=false&send=false&extended_social_context=false><
[37:57.678] Recv: >log*out*[DEBUG] New scheme: <NSMutableURLRequest http://www.facebook.com/plugins/like.php?api_key=&locale=en_US&sdk=joey&channel_url=http%3A%2F%2Fstatic.ak.facebook.com%2Fconnect%2Fxd_arbiter.php%3Fversion%3D21%23cb%3Df200afae4%26origin%3Dhttp%253A%252F%252Fnews.discovery.com%252Ff3dd8e820%26domain%3Dnews.discovery.com%26relation%3Dparent.parent&href=http%3A%2F%2Fnews.discovery.com%2Fanimals%2Fzoo-animals%2Falien-black-cat-reported-in-england-130403.htm&node_type=link&width=56&layout=box_count&colorscheme=light&show_faces=false&send=false&extended_social_context=false><
[37:58.966] Recv: >log*out*[DEBUG] New scheme: <NSMutableURLRequest http://ads.adsonar.com/adserving/getAds.jsp?previousPlacementIds=&placementId=1538397&pid=2504767&zw=300&zh=250&url=http%3A//news.discovery.com/animals/zoo-animals/alien-black-cat-reported-in-england-130403.htm&v=5&dct='Alien%20Black%20Cat'%20Reported%20in%20England%20%3A%20Discovery%20News&metakw=Animals,Cats,cryptozoology,mysteries,Myths%20and%20Legends,weird><
[37:59.147] Recv: >log*out*[DEBUG] New scheme: <NSMutableURLRequest http://cdn.tacoda.at.atwola.com/an/qseg.html><
[37:59.148] Recv: >log*out*[DEBUG] New scheme: <NSMutableURLRequest http://ads.adsonar.com/adserving/createASLId.jsp><
[37:59.243] Recv: >log*out*[DEBUG] New scheme: <NSMutableURLRequest http://js.adsonar.com/js/pass.html?cb=46323#0TID=&TData=><
[37:59.444] Recv: >log*out*[DEBUG] New scheme: <NSMutableURLRequest http://badge.stumbleupon.com/badge/embed/3/?url=http%3A%2F%2Fnews.discovery.com%2Fanimals%2Fzoo-animals%2Falien-black-cat-reported-in-england-130403.htm%23mkcpgn%3Drssnws1><
[38:2.734] Recv: >log*out*[DEBUG] New scheme: <NSMutableURLRequest http://feedproxy.google.com/~r/DiscoveryNews-Top-Stories/~3/s3aWvFvr3tw/magnet-levitates-melts-metal-130403.htm><
[38:2.805] Recv: >log*out*[DEBUG] New scheme: <NSMutableURLRequest http://news.discovery.com/tech/gear-and-gadgets/magnet-levitates-melts-metal-130403.htm#0mkcpgn=rssnws1><
[38:2.981] Recv: >log*out*[DEBUG] New scheme: <NSMutableURLRequest https://plusone.google.com/_/+1/fastbutton?bsv&size=medium&hl=en-US&origin=http%3A%2F%2Fnews.discovery.com&url=http%3A%2F%2Fnews.discovery.com%2Ftech%2Fgear-and-gadgets%2Fmagnet-levitates-melts-metal-130403.htm&ic=1&jsh=m%3B%2F_%2Fscs%2Fapps-static%2F_%2Fjs%2Fk%3Doz.gapi.en_US.9U2rqEh6HJU.O%2Fm%3D__features__%2Fam%3DQQ%2Frt%3Dj%2Fd%3D1%2Frs%3DAItRSTNcPtEKWaoyzjHiYR9p1zamnh_5Ig#0_methods=onPlusOne%2C_ready%2C_close%2C_open%2C_resizeMe%2C_renderstart%2Concircled%2Conload&id=I0_1365089882980&parent=http%3A%2F%2Fnews.discovery.com&rpctoken=36641801><
[38:3.5] Recv: >log*out*[DEBUG] New scheme: <NSMutableURLRequest http://static.ak.facebook.com/connect/xd_arbiter.php?version=21#0channel=f36e6fd778&origin=http%3A%2F%2Fnews.discovery.com&channel_path=%2Ftech%2Fgear-and-gadgets%2Fmagnet-levitates-melts-metal-130403.htm%3Ffb_xd_fragment%23xd_sig%3Df2b15f98e4%26><
[38:3.7] Recv: >log*out*[DEBUG] New scheme: <NSMutableURLRequest https://s-static.ak.facebook.com/connect/xd_arbiter.php?version=21#0channel=f36e6fd778&origin=http%3A%2F%2Fnews.discovery.com&channel_path=%2Ftech%2Fgear-and-gadgets%2Fmagnet-levitates-melts-metal-130403.htm%3Ffb_xd_fragment%23xd_sig%3Df2b15f98e4%26><
[38:3.407] Recv: >log*out*[DEBUG] New scheme: <NSMutableURLRequest http://news.discovery.com/static/advertisement-iframe.html?ad=TopLeft&uri=http%3A%2F%2Foascentral.discovery.com%2FRealMedia%2Fads%2Fadstream_jx.ads%2Fnews.discovery.com%2Ftech%2Fgear-and-gadgets%2Fblogpost%2Fmagnet-levitates-melts-metal-130403.htm%2F1566953100%40TopLeft%2CTop3%2Cx20%2Cx12%2Cx17%2Cx75!TopLeft%3Frotation%3D3%26rsi%3DJ08778_10087%26rsi%3DJ08778_10120%26rsi%3DJ08778_10122%26rsi%3DJ08778_10127%26rsi%3DJ08778_10136%26rsi%3DJ08778_10143%26rsi%3DJ08778_10169%26rsi%3DJ08778_10178%26rsi%3DJ08778_10244%26rsi%3DJ08778_10265%26rsi%3DJ08778_0%26qc%3Dnot%26env%3D><
[38:3.408] Recv: >log*out*[DEBUG] New scheme: <NSMutableURLRequest http://news.discovery.com/static/advertisement-iframe.html?ad=x17&uri=http%3A%2F%2Foascentral.discovery.com%2FRealMedia%2Fads%2Fadstream_jx.ads%2Fnews.discovery.com%2Ftech%2Fgear-and-gadgets%2Fblogpost%2Fmagnet-levitates-melts-metal-130403.htm%2F1566953100%40TopLeft%2CTop3%2Cx20%2Cx12%2Cx17%2Cx75!x17%3Frotation%3D3%26rsi%3DJ08778_10087%26rsi%3DJ08778_10120%26rsi%3DJ08778_10122%26rsi%3DJ08778_10127%26rsi%3DJ08778_10136%26rsi%3DJ08778_10143%26rsi%3DJ08778_10169%26rsi%3DJ08778_10178%26rsi%3DJ08778_10244%26rsi%3DJ08778_10265%26rsi%3DJ08778_0%26qc%3Dnot%26env%3D><
[38:3.409] Recv: >log*out*[DEBUG] New scheme: <NSMutableURLRequest http://news.discovery.com/static/advertisement-iframe.html?ad=x20&uri=http%3A%2F%2Foascentral.discovery.com%2FRealMedia%2Fads%2Fadstream_jx.ads%2Fnews.discovery.com%2Ftech%2Fgear-and-gadgets%2Fblogpost%2Fmagnet-levitates-melts-metal-130403.htm%2F1566953100%40TopLeft%2CTop3%2Cx20%2Cx12%2Cx17%2Cx75!x20%3Frotation%3D3%26rsi%3DJ08778_10087%26rsi%3DJ08778_10120%26rsi%3DJ08778_10122%26rsi%3DJ08778_10127%26rsi%3DJ08778_10136%26rsi%3DJ08778_10143%26rsi%3DJ08778_10169%26rsi%3DJ08778_10178%26rsi%3DJ08778_10244%26rsi%3DJ08778_10265%26rsi%3DJ08778_0%26qc%3Dnot%26env%3D><
[38:3.410] Recv: >log*out*[DEBUG] New scheme: <NSMutableURLRequest http://news.discovery.com/static/advertisement-iframe.html?ad=Top3&uri=http%3A%2F%2Foascentral.discovery.com%2FRealMedia%2Fads%2Fadstream_jx.ads%2Fnews.discovery.com%2Ftech%2Fgear-and-gadgets%2Fblogpost%2Fmagnet-levitates-melts-metal-130403.htm%2F1566953100%40TopLeft%2CTop3%2Cx20%2Cx12%2Cx17%2Cx75!Top3%3Frotation%3D3%26rsi%3DJ08778_10087%26rsi%3DJ08778_10120%26rsi%3DJ08778_10122%26rsi%3DJ08778_10127%26rsi%3DJ08778_10136%26rsi%3DJ08778_10143%26rsi%3DJ08778_10169%26rsi%3DJ08778_10178%26rsi%3DJ08778_10244%26rsi%3DJ08778_10265%26rsi%3DJ08778_0%26qc%3Dnot%26env%3D><
[38:3.470] Recv: >log*out*[DEBUG] New scheme: <NSMutableURLRequest http://platform.twitter.com/widgets/tweet_button.1363148939.html#0_=1365089883466&count=horizontal&id=twitter-widget-0&lang=en&original_referer=http%3A%2F%2Fnews.discovery.com%2Ftech%2Fgear-and-gadgets%2Fmagnet-levitates-melts-metal-130403.htm%23mkcpgn%3Drssnws1&size=m&text=Magnet%20Levitates%20and%20then%20Melts%20Metal%20%3A%20Discovery%20News&url=http%3A%2F%2Fnews.discovery.com%2Ftech%2Fgear-and-gadgets%2Fmagnet-levitates-melts-metal-130403.htm><
[38:3.472] Recv: >log*out*[DEBUG] New scheme: <NSMutableURLRequest http://platform.twitter.com/widgets/follow_button.1363148939.html#0_=1365089883470&id=twitter-widget-1&lang=en&screen_name=dnews&show_count=false&show_screen_name=false&size=m><
[38:3.475] Recv: >log*out*[DEBUG] New scheme: <NSMutableURLRequest http://tags.bluekai.com/site/13305?ret=html&phint=metatype%3DDnews%3Ablog-post&phint=metatitle%3DMagnet%20Levitates%20and%20then%20Melts%20Metal%20%3A%20DNews&phint=metasite%3DDNews&phint=__bk_t%3DMagnet%20Levitates%20and%20then%20Melts%20Metal%20%3A%20Discovery%20News&phint=__bk_k%3DTech%2C%20Electricity%2C%20magnetic%20field%20Tech%20Electricity%20&phint=__bk_l%3Dhttp%3A%2F%2Fnews.discovery.com%2Ftech%2Fgear-and-gadgets%2Fmagnet-levitates-melts-metal-130403.htm%23mkcpgn%3Drssnws1&limit=4&bkfpd=TF1;015;;;;;;;;;;;;;;;;;;;;;;Mozilla;Netscape;5.0%20%28iPhone%3B%20CPU%20iPhone%20OS%206_0%20like%20Mac%20OS%20X%29%20AppleWebKit/536.26%20%28KHTML%2C%20like%20Gecko%29%20Mobile/10A403;20030107;undefined;true;;true;iPhone%20Simulator;undefined;Mozilla/5.0%20%28iPhone%3B%20CPU%20iPhone%20OS%206_0%20like%20Mac%20OS%20X%29%20AppleWebKit/536.26%20%28KHTML%2C%20like%20Gecko%29%20Mobile/10A403;en-us;ISO-8859-1;news.discovery.com;undefined;undefined;undefined;undefined;true;tr...1056<
[38:3.476] Recv: >log*out*[DEBUG] New scheme: <NSMutableURLRequest http://www.facebook.com/plugins/like.php?api_key=&locale=en_US&sdk=joey&channel_url=http%3A%2F%2Fstatic.ak.facebook.com%2Fconnect%2Fxd_arbiter.php%3Fversion%3D21%23cb%3Df1aee367d8%26origin%3Dhttp%253A%252F%252Fnews.discovery.com%252Ff36e6fd778%26domain%3Dnews.discovery.com%26relation%3Dparent.parent&href=http%3A%2F%2Fnews.discovery.com&node_type=link&width=90&font=trebuchet%20ms&layout=button_count&colorscheme=light&show_faces=false&send=false&extended_social_context=false><
[38:3.477] Recv: >log*out*[DEBUG] New scheme: <NSMutableURLRequest http://www.facebook.com/plugins/like.php?api_key=&locale=en_US&sdk=joey&channel_url=http%3A%2F%2Fstatic.ak.facebook.com%2Fconnect%2Fxd_arbiter.php%3Fversion%3D21%23cb%3Df215424f2%26origin%3Dhttp%253A%252F%252Fnews.discovery.com%252Ff36e6fd778%26domain%3Dnews.discovery.com%26relation%3Dparent.parent&href=http%3A%2F%2Fnews.discovery.com%2Ftech%2Fgear-and-gadgets%2Fmagnet-levitates-melts-metal-130403.htm&node_type=link&width=56&layout=box_count&colorscheme=light&show_faces=false&send=false&extended_social_context=false><
[38:3.939] Recv: >log*out*[DEBUG] New scheme: <NSMutableURLRequest http://badge.stumbleupon.com/badge/embed/3/?url=http%3A%2F%2Fnews.discovery.com%2Ftech%2Fgear-and-gadgets%2Fmagnet-levitates-melts-metal-130403.htm%23mkcpgn%3Drssnws1><
----------End of file----------
